2026-04-16 06:18:00,490 [Worker-Main-2] ERROR gottschcore | ProximitySpawnerBlockEntity.java:110 | error reading ProximitySpanwerBlockEntity properties from tag:
java.lang.NullPointerException: Cannot read field "f_46441_" because "this.f_58857_" is null
	at mod.gottsch.forge.gottschcore.block.entity.ProximitySpawnerBlockEntity.m_142466_(ProximitySpawnerBlockEntity.java:92) ~[gottschcore-1.20.1-2.6.0.jar%23218!/:1.20.1-2.6.0]
	at mod.gottsch.forge.treasure2.core.block.entity.GravestoneProximitySpawnerBlockEntity.m_142466_(GravestoneProximitySpawnerBlockEntity.java:143) ~[treasure2-1.20.1-4.0.3.jar%23263!/:1.20.1-4.0.3]
	at net.minecraft.world.level.levelgen.structure.templatesystem.StructureTemplate.m_230328_(StructureTemplate.java:251) ~[server-1.20.1-20230612.114412-srg.jar%23271!/:?]
	at net.minecraft.world.level.levelgen.structure.pools.SinglePoolElement.m_213695_(SinglePoolElement.java:124) ~[server-1.20.1-20230612.114412-srg.jar%23271!/:?]
	at net.minecraft.world.level.levelgen.structure.PoolElementStructurePiece.m_226509_(PoolElementStructurePiece.java:89) ~[server-1.20.1-20230612.114412-srg.jar%23271!/:?]
	at net.minecraft.world.level.levelgen.structure.PoolElementStructurePiece.m_213694_(PoolElementStructurePiece.java:85) ~[server-1.20.1-20230612.114412-srg.jar%23271!/:?]
	at net.minecraft.world.level.levelgen.structure.StructureStart.m_226850_(StructureStart.java:90) ~[server-1.20.1-20230612.114412-srg.jar%23271!/:?]
	at net.minecraft.world.level.chunk.ChunkGenerator.m_223080_(ChunkGenerator.java:320) ~[server-1.20.1-20230612.114412-srg.jar%23271!/:?]
	at com.google.common.collect.ImmutableList.forEach(ImmutableList.java:422) ~[guava-31.1-jre.jar%2374!/:?]
	at net.minecraft.world.level.chunk.ChunkGenerator.m_213609_(ChunkGenerator.java:319) ~[server-1.20.1-20230612.114412-srg.jar%23271!/:?]
	at net.minecraft.world.level.chunk.ChunkStatus.m_279978_(ChunkStatus.java:108) ~[server-1.20.1-20230612.114412-srg.jar%23271!/:?]
	at net.minecraft.world.level.chunk.ChunkStatus$SimpleGenerationTask.m_214024_(ChunkStatus.java:309) ~[server-1.20.1-20230612.114412-srg.jar%23271!/:?]
	at net.minecraft.world.level.chunk.ChunkStatus.m_280308_(ChunkStatus.java:252) ~[server-1.20.1-20230612.114412-srg.jar%23271!/:?]
	at net.minecraft.server.level.ChunkMap.lambda$scheduleChunkGeneration$27(ChunkMap.java:643) ~[server-1.20.1-20230612.114412-srg.jar%23271!/:?]
	at com.mojang.datafixers.util.Either$Left.map(Either.java:38) ~[datafixerupper-6.0.8.jar%2377!/:?]
	at net.minecraft.server.level.ChunkMap.lambda$scheduleChunkGeneration$29(ChunkMap.java:634) ~[server-1.20.1-20230612.114412-srg.jar%23271!/:?]
	at java.util.concurrent.CompletableFuture$UniCompose.tryFire(CompletableFuture.java:1150) ~[?:?]
	at java.util.concurrent.CompletableFuture$Completion.run(CompletableFuture.java:482) ~[?:?]
	at net.minecraft.server.level.ChunkTaskPriorityQueueSorter.m_143188_(ChunkTaskPriorityQueueSorter.java:62) ~[server-1.20.1-20230612.114412-srg.jar%23271!/:?]
	at net.minecraft.util.thread.ProcessorMailbox.m_18759_(ProcessorMailbox.java:91) ~[server-1.20.1-20230612.114412-srg.jar%23271!/:?]
	at net.minecraft.util.thread.ProcessorMailbox.m_18747_(ProcessorMailbox.java:146) ~[server-1.20.1-20230612.114412-srg.jar%23271!/:?]
	at net.minecraft.util.thread.ProcessorMailbox.run(ProcessorMailbox.java:102) ~[server-1.20.1-20230612.114412-srg.jar%23271!/:?]
	at java.util.concurrent.ForkJoinTask$RunnableExecuteAction.exec(ForkJoinTask.java:1395) ~[?:?]
	at java.util.concurrent.ForkJoinTask.doExec(ForkJoinTask.java:373) ~[?:?]
	at java.util.concurrent.ForkJoinPool$WorkQueue.topLevelExec(ForkJoinPool.java:1182) ~[?:?]
	at java.util.concurrent.ForkJoinPool.scan(ForkJoinPool.java:1655) ~[?:?]
	at java.util.concurrent.ForkJoinPool.runWorker(ForkJoinPool.java:1622) ~[?:?]
	at java.util.concurrent.ForkJoinWorkerThread.run(ForkJoinWorkerThread.java:165) ~[?:?]
2026-04-16 06:21:28,365 [Worker-Main-11] ERROR gottschcore | ProximitySpawnerBlockEntity.java:110 | error reading ProximitySpanwerBlockEntity properties from tag:
java.lang.NullPointerException: Cannot read field "f_46441_" because "this.f_58857_" is null
	at mod.gottsch.forge.gottschcore.block.entity.ProximitySpawnerBlockEntity.m_142466_(ProximitySpawnerBlockEntity.java:92) ~[gottschcore-1.20.1-2.6.0.jar%23218!/:1.20.1-2.6.0]
	at mod.gottsch.forge.treasure2.core.block.entity.GravestoneProximitySpawnerBlockEntity.m_142466_(GravestoneProximitySpawnerBlockEntity.java:143) ~[treasure2-1.20.1-4.0.3.jar%23263!/:1.20.1-4.0.3]
	at net.minecraft.world.level.levelgen.structure.templatesystem.StructureTemplate.m_230328_(StructureTemplate.java:251) ~[server-1.20.1-20230612.114412-srg.jar%23271!/:?]
	at net.minecraft.world.level.levelgen.structure.pools.SinglePoolElement.m_213695_(SinglePoolElement.java:124) ~[server-1.20.1-20230612.114412-srg.jar%23271!/:?]
	at net.minecraft.world.level.levelgen.structure.PoolElementStructurePiece.m_226509_(PoolElementStructurePiece.java:89) ~[server-1.20.1-20230612.114412-srg.jar%23271!/:?]
	at net.minecraft.world.level.levelgen.structure.PoolElementStructurePiece.m_213694_(PoolElementStructurePiece.java:85) ~[server-1.20.1-20230612.114412-srg.jar%23271!/:?]
	at net.minecraft.world.level.levelgen.structure.StructureStart.m_226850_(StructureStart.java:90) ~[server-1.20.1-20230612.114412-srg.jar%23271!/:?]
	at net.minecraft.world.level.chunk.ChunkGenerator.m_223080_(ChunkGenerator.java:320) ~[server-1.20.1-20230612.114412-srg.jar%23271!/:?]
	at com.google.common.collect.ImmutableList.forEach(ImmutableList.java:422) ~[guava-31.1-jre.jar%2374!/:?]
	at net.minecraft.world.level.chunk.ChunkGenerator.m_213609_(ChunkGenerator.java:319) ~[server-1.20.1-20230612.114412-srg.jar%23271!/:?]
	at net.minecraft.world.level.chunk.ChunkStatus.m_279978_(ChunkStatus.java:108) ~[server-1.20.1-20230612.114412-srg.jar%23271!/:?]
	at net.minecraft.world.level.chunk.ChunkStatus$SimpleGenerationTask.m_214024_(ChunkStatus.java:309) ~[server-1.20.1-20230612.114412-srg.jar%23271!/:?]
	at net.minecraft.world.level.chunk.ChunkStatus.m_280308_(ChunkStatus.java:252) ~[server-1.20.1-20230612.114412-srg.jar%23271!/:?]
	at net.minecraft.server.level.ChunkMap.lambda$scheduleChunkGeneration$27(ChunkMap.java:643) ~[server-1.20.1-20230612.114412-srg.jar%23271!/:?]
	at com.mojang.datafixers.util.Either$Left.map(Either.java:38) ~[datafixerupper-6.0.8.jar%2377!/:?]
	at net.minecraft.server.level.ChunkMap.lambda$scheduleChunkGeneration$29(ChunkMap.java:634) ~[server-1.20.1-20230612.114412-srg.jar%23271!/:?]
	at java.util.concurrent.CompletableFuture$UniCompose.tryFire(CompletableFuture.java:1150) ~[?:?]
	at java.util.concurrent.CompletableFuture$Completion.run(CompletableFuture.java:482) ~[?:?]
	at net.minecraft.server.level.ChunkTaskPriorityQueueSorter.m_143188_(ChunkTaskPriorityQueueSorter.java:62) ~[server-1.20.1-20230612.114412-srg.jar%23271!/:?]
	at net.minecraft.util.thread.ProcessorMailbox.m_18759_(ProcessorMailbox.java:91) ~[server-1.20.1-20230612.114412-srg.jar%23271!/:?]
	at net.minecraft.util.thread.ProcessorMailbox.m_18747_(ProcessorMailbox.java:146) ~[server-1.20.1-20230612.114412-srg.jar%23271!/:?]
	at net.minecraft.util.thread.ProcessorMailbox.run(ProcessorMailbox.java:102) ~[server-1.20.1-20230612.114412-srg.jar%23271!/:?]
	at java.util.concurrent.ForkJoinTask$RunnableExecuteAction.exec(ForkJoinTask.java:1395) ~[?:?]
	at java.util.concurrent.ForkJoinTask.doExec(ForkJoinTask.java:373) ~[?:?]
	at java.util.concurrent.ForkJoinPool$WorkQueue.topLevelExec(ForkJoinPool.java:1182) ~[?:?]
	at java.util.concurrent.ForkJoinPool.scan(ForkJoinPool.java:1655) ~[?:?]
	at java.util.concurrent.ForkJoinPool.runWorker(ForkJoinPool.java:1622) ~[?:?]
	at java.util.concurrent.ForkJoinWorkerThread.run(ForkJoinWorkerThread.java:165) ~[?:?]
2026-04-16 07:14:00,488 [Worker-Main-2] ERROR gottschcore | ProximitySpawnerBlockEntity.java:110 | error reading ProximitySpanwerBlockEntity properties from tag:
java.lang.NullPointerException: Cannot read field "f_46441_" because "this.f_58857_" is null
	at mod.gottsch.forge.gottschcore.block.entity.ProximitySpawnerBlockEntity.m_142466_(ProximitySpawnerBlockEntity.java:92) ~[gottschcore-1.20.1-2.6.0.jar%23218!/:1.20.1-2.6.0]
	at mod.gottsch.forge.treasure2.core.block.entity.GravestoneProximitySpawnerBlockEntity.m_142466_(GravestoneProximitySpawnerBlockEntity.java:143) ~[treasure2-1.20.1-4.0.3.jar%23263!/:1.20.1-4.0.3]
	at net.minecraft.world.level.levelgen.structure.templatesystem.StructureTemplate.m_230328_(StructureTemplate.java:251) ~[server-1.20.1-20230612.114412-srg.jar%23271!/:?]
	at net.minecraft.world.level.levelgen.structure.pools.SinglePoolElement.m_213695_(SinglePoolElement.java:124) ~[server-1.20.1-20230612.114412-srg.jar%23271!/:?]
	at net.minecraft.world.level.levelgen.structure.PoolElementStructurePiece.m_226509_(PoolElementStructurePiece.java:89) ~[server-1.20.1-20230612.114412-srg.jar%23271!/:?]
	at net.minecraft.world.level.levelgen.structure.PoolElementStructurePiece.m_213694_(PoolElementStructurePiece.java:85) ~[server-1.20.1-20230612.114412-srg.jar%23271!/:?]
	at net.minecraft.world.level.levelgen.structure.StructureStart.m_226850_(StructureStart.java:90) ~[server-1.20.1-20230612.114412-srg.jar%23271!/:?]
	at net.minecraft.world.level.chunk.ChunkGenerator.m_223080_(ChunkGenerator.java:320) ~[server-1.20.1-20230612.114412-srg.jar%23271!/:?]
	at com.google.common.collect.ImmutableList.forEach(ImmutableList.java:422) ~[guava-31.1-jre.jar%2374!/:?]
	at net.minecraft.world.level.chunk.ChunkGenerator.m_213609_(ChunkGenerator.java:319) ~[server-1.20.1-20230612.114412-srg.jar%23271!/:?]
	at net.minecraft.world.level.chunk.ChunkStatus.m_279978_(ChunkStatus.java:108) ~[server-1.20.1-20230612.114412-srg.jar%23271!/:?]
	at net.minecraft.world.level.chunk.ChunkStatus$SimpleGenerationTask.m_214024_(ChunkStatus.java:309) ~[server-1.20.1-20230612.114412-srg.jar%23271!/:?]
	at net.minecraft.world.level.chunk.ChunkStatus.m_280308_(ChunkStatus.java:252) ~[server-1.20.1-20230612.114412-srg.jar%23271!/:?]
	at net.minecraft.server.level.ChunkMap.lambda$scheduleChunkGeneration$27(ChunkMap.java:643) ~[server-1.20.1-20230612.114412-srg.jar%23271!/:?]
	at com.mojang.datafixers.util.Either$Left.map(Either.java:38) ~[datafixerupper-6.0.8.jar%2377!/:?]
	at net.minecraft.server.level.ChunkMap.lambda$scheduleChunkGeneration$29(ChunkMap.java:634) ~[server-1.20.1-20230612.114412-srg.jar%23271!/:?]
	at java.util.concurrent.CompletableFuture$UniCompose.tryFire(CompletableFuture.java:1150) ~[?:?]
	at java.util.concurrent.CompletableFuture$Completion.run(CompletableFuture.java:482) ~[?:?]
	at net.minecraft.server.level.ChunkTaskPriorityQueueSorter.m_143188_(ChunkTaskPriorityQueueSorter.java:62) ~[server-1.20.1-20230612.114412-srg.jar%23271!/:?]
	at net.minecraft.util.thread.ProcessorMailbox.m_18759_(ProcessorMailbox.java:91) ~[server-1.20.1-20230612.114412-srg.jar%23271!/:?]
	at net.minecraft.util.thread.ProcessorMailbox.m_18747_(ProcessorMailbox.java:146) ~[server-1.20.1-20230612.114412-srg.jar%23271!/:?]
	at net.minecraft.util.thread.ProcessorMailbox.run(ProcessorMailbox.java:102) ~[server-1.20.1-20230612.114412-srg.jar%23271!/:?]
	at java.util.concurrent.ForkJoinTask$RunnableExecuteAction.exec(ForkJoinTask.java:1395) ~[?:?]
	at java.util.concurrent.ForkJoinTask.doExec(ForkJoinTask.java:373) ~[?:?]
	at java.util.concurrent.ForkJoinPool$WorkQueue.topLevelExec(ForkJoinPool.java:1182) ~[?:?]
	at java.util.concurrent.ForkJoinPool.scan(ForkJoinPool.java:1655) ~[?:?]
	at java.util.concurrent.ForkJoinPool.runWorker(ForkJoinPool.java:1622) ~[?:?]
	at java.util.concurrent.ForkJoinWorkerThread.run(ForkJoinWorkerThread.java:165) ~[?:?]
2026-04-16 07:14:04,831 [Worker-Main-3] ERROR gottschcore | ProximitySpawnerBlockEntity.java:110 | error reading ProximitySpanwerBlockEntity properties from tag:
java.lang.NullPointerException: Cannot read field "f_46441_" because "this.f_58857_" is null
	at mod.gottsch.forge.gottschcore.block.entity.ProximitySpawnerBlockEntity.m_142466_(ProximitySpawnerBlockEntity.java:92) ~[gottschcore-1.20.1-2.6.0.jar%23218!/:1.20.1-2.6.0]
	at mod.gottsch.forge.treasure2.core.block.entity.GravestoneProximitySpawnerBlockEntity.m_142466_(GravestoneProximitySpawnerBlockEntity.java:143) ~[treasure2-1.20.1-4.0.3.jar%23263!/:1.20.1-4.0.3]
	at net.minecraft.world.level.levelgen.structure.templatesystem.StructureTemplate.m_230328_(StructureTemplate.java:251) ~[server-1.20.1-20230612.114412-srg.jar%23271!/:?]
	at net.minecraft.world.level.levelgen.structure.pools.SinglePoolElement.m_213695_(SinglePoolElement.java:124) ~[server-1.20.1-20230612.114412-srg.jar%23271!/:?]
	at net.minecraft.world.level.levelgen.structure.PoolElementStructurePiece.m_226509_(PoolElementStructurePiece.java:89) ~[server-1.20.1-20230612.114412-srg.jar%23271!/:?]
	at net.minecraft.world.level.levelgen.structure.PoolElementStructurePiece.m_213694_(PoolElementStructurePiece.java:85) ~[server-1.20.1-20230612.114412-srg.jar%23271!/:?]
	at net.minecraft.world.level.levelgen.structure.StructureStart.m_226850_(StructureStart.java:90) ~[server-1.20.1-20230612.114412-srg.jar%23271!/:?]
	at net.minecraft.world.level.chunk.ChunkGenerator.m_223080_(ChunkGenerator.java:320) ~[server-1.20.1-20230612.114412-srg.jar%23271!/:?]
	at com.google.common.collect.ImmutableList.forEach(ImmutableList.java:422) ~[guava-31.1-jre.jar%2374!/:?]
	at net.minecraft.world.level.chunk.ChunkGenerator.m_213609_(ChunkGenerator.java:319) ~[server-1.20.1-20230612.114412-srg.jar%23271!/:?]
	at net.minecraft.world.level.chunk.ChunkStatus.m_279978_(ChunkStatus.java:108) ~[server-1.20.1-20230612.114412-srg.jar%23271!/:?]
	at net.minecraft.world.level.chunk.ChunkStatus$SimpleGenerationTask.m_214024_(ChunkStatus.java:309) ~[server-1.20.1-20230612.114412-srg.jar%23271!/:?]
	at net.minecraft.world.level.chunk.ChunkStatus.m_280308_(ChunkStatus.java:252) ~[server-1.20.1-20230612.114412-srg.jar%23271!/:?]
	at net.minecraft.server.level.ChunkMap.lambda$scheduleChunkGeneration$27(ChunkMap.java:643) ~[server-1.20.1-20230612.114412-srg.jar%23271!/:?]
	at com.mojang.datafixers.util.Either$Left.map(Either.java:38) ~[datafixerupper-6.0.8.jar%2377!/:?]
	at net.minecraft.server.level.ChunkMap.lambda$scheduleChunkGeneration$29(ChunkMap.java:634) ~[server-1.20.1-20230612.114412-srg.jar%23271!/:?]
	at java.util.concurrent.CompletableFuture$UniCompose.tryFire(CompletableFuture.java:1150) ~[?:?]
	at java.util.concurrent.CompletableFuture$Completion.run(CompletableFuture.java:482) ~[?:?]
	at net.minecraft.server.level.ChunkTaskPriorityQueueSorter.m_143188_(ChunkTaskPriorityQueueSorter.java:62) ~[server-1.20.1-20230612.114412-srg.jar%23271!/:?]
	at net.minecraft.util.thread.ProcessorMailbox.m_18759_(ProcessorMailbox.java:91) ~[server-1.20.1-20230612.114412-srg.jar%23271!/:?]
	at net.minecraft.util.thread.ProcessorMailbox.m_18747_(ProcessorMailbox.java:146) ~[server-1.20.1-20230612.114412-srg.jar%23271!/:?]
	at net.minecraft.util.thread.ProcessorMailbox.run(ProcessorMailbox.java:102) ~[server-1.20.1-20230612.114412-srg.jar%23271!/:?]
	at java.util.concurrent.ForkJoinTask$RunnableExecuteAction.exec(ForkJoinTask.java:1395) ~[?:?]
	at java.util.concurrent.ForkJoinTask.doExec(ForkJoinTask.java:373) ~[?:?]
	at java.util.concurrent.ForkJoinPool$WorkQueue.topLevelExec(ForkJoinPool.java:1182) ~[?:?]
	at java.util.concurrent.ForkJoinPool.scan(ForkJoinPool.java:1655) ~[?:?]
	at java.util.concurrent.ForkJoinPool.runWorker(ForkJoinPool.java:1622) ~[?:?]
	at java.util.concurrent.ForkJoinWorkerThread.run(ForkJoinWorkerThread.java:165) ~[?:?]
